298.35619	67.67	-6.2
303.35671	67.78	-10.4
308.44104	67.82	-14.5
313.61059	67.78	-18.5
318.86678	67.6	-22.7
324.21107	67.18	-26.6
329.64492	66.48	-29.4
335.16985	65.51	-29.5
340.78738	64.42	-25.6
346.49906	63.66	-17.1
352.30647	63.78	-6.5
358.21121	64.78	2.4
364.21492	66.09	7.4
370.31925	67.35	8.8
376.5259	68.44	7.8
382.83656	69.31	4.9
389.253	69.88	0.9
395.77697	70.12	-3
402.41029	70.11	-5.8
409.15479	69.95	-6.8
416.01232	69.8	-5.6
422.98479	69.88	-2.5
430.07412	70.35	1.2
437.28226	71.21	4
444.61122	72.2	4.3
452.06302	73.09	2.1
459.6397	73.74	-1.7
467.34338	74.14	-6.2
475.17617	74.27	-10.8
483.14023	74.1	-14.7
491.23778	73.69	-16.6
499.47105	73.25	-15.9
507.84231	73	-13.4
516.35387	72.99	-10.2
525.00808	73.18	-6.5
533.80735	73.6	-2.5
542.75409	74.31	1.2
551.85078	75.28	3.7
561.09994	76.39	4
570.50411	77.37	1.6
580.0659	78.07	-2.6
589.78794	78.46	-7.4
599.67293	78.59	-11.6
609.7236	78.53	-14.8
619.94272	78.37	-16.5
630.33311	78.23	-16.9
640.89765	78.15	-16.5
651.63925	78.12	-15.3
662.56088	78.19	-13
673.66556	78.52	-10
684.95636	79.14	-7.5
696.4364	79.88	-6.6
708.10884	80.58	-7.1
719.97692	81.23	-8.2
732.04391	81.86	-10.1
744.31315	82.4	-13.1
756.78802	82.72	-16.9
769.47197	82.77	-20.5
782.36851	82.63	-22.9
795.4812	82.42	-23.6
808.81366	82.25	-22.7
822.36957	82.22	-20.5
836.15269	82.44	-17.3
850.16681	82.98	-14.4
864.41582	83.71	-12.6
878.90364	84.46	-12.2
893.63428	85.24	-12.6
908.61181	86.04	-14.2
923.84036	86.73	-17.5
939.32415	87.11	-21.9
955.06746	87.17	-25.5
971.07462	87.12	-27
987.35007	87.21	-27
1003.8983	87.52	-26.8
1020.7239	87.95	-27.4
1037.8315	88.31	-29.2
1055.2258	88.46	-31.2
1072.9116	88.45	-32.1
1090.8939	88.46	-31.1
1109.1775	88.75	-28.6
1127.7676	89.41	-26.7
1146.6693	90.17	-26.7
1165.8877	90.8	-28
1185.4283	91.34	-29.6
1205.2964	91.85	-31.1
1225.4974	92.34	-32.6
1246.0371	92.82	-34.1
1266.9209	93.32	-35.5
1288.1549	93.88	-37.1
1309.7446	94.49	-39.2
1331.6963	95.06	-42.2
1354.0158	95.47	-45.9
1376.7095	95.74	-49.1
1399.7835	96.02	-51.2
1423.2442	96.44	-53.1
1447.0981	96.95	-55.7
1471.3518	97.43	-59.3
1496.012	97.78	-63.5
1521.0856	97.99	-67.4
1546.5793	98.19	-70.5
1572.5004	98.48	-73.4
1598.8559	98.88	-77
1625.6531	99.21	-81.8
1652.8994	99.33	-87.3
1680.6024	99.25	-92.1
1708.7697	99.12	-95.9
1737.4091	99.01	-98.9
1766.5285	99.02	-101.6
1796.136	99.12	-104.7
1826.2397	99.18	-108.8
1856.8479	99.12	-113.2
1887.9691	98.98	-117.6
1919.612	98.76	-122.1
1951.7851	98.35	-126.8
1984.4975	97.69	-130
2017.7582	97	-131.1
2051.5763	96.5	-130.9
2085.9612	96.18	-130.7
2120.9224	95.95	-130.7
2156.4696	95.78	-131.4
2192.6126	95.52	-132.6
2229.3613	95.06	-133.2
2266.7259	94.54	-131.9
2304.7168	94.23	-128.9
2343.3444	94.24	-125.8
2382.6195	94.46	-123.9
2422.5528	94.67	-123.3
2463.1553	94.81	-122.8
2504.4384	94.99	-121.8
2546.4134	95.33	-121
2589.0919	95.79	-121.3
2632.4858	96.18	-123
2676.6069	96.43	-125.5
2721.4674	96.55	-128.2
2767.0799	96.55	-130.6
2813.4568	96.49	-132.3
2860.6111	96.46	-133.6
2908.5556	96.46	-135
2957.3037	96.4	-136.5
3006.8689	96.29	-137.5
3057.2647	96.24	-137.6
3108.5052	96.36	-137.8
3160.6045	96.59	-139.1
3213.577	96.72	-141.7
3267.4374	96.64	-144.8
3322.2004	96.39	-147.3
3377.8813	96.03	-148.6
3434.4954	95.75	-148.6
3492.0584	95.65	-148.7
3550.5862	95.58	-149.7
3610.0949	95.4	-151
3670.6009	95.1	-152
3732.1211	94.72	-152
3794.6724	94.39	-151.1
3858.272	94.14	-149.9
3922.9376	93.85	-148.1
3988.687	93.64	-144.5
4055.5384	93.89	-139.9
4123.5102	94.5	-137.8
4192.6212	94.95	-138.5
4262.8906	95.11	-139.1
4334.3377	95.38	-138.4
4406.9822	95.92	-138.9
4480.8443	96.29	-142.3
4555.9444	96.18	-146.1
4632.3031	95.83	-147.5
4709.9417	95.65	-147.2
4788.8814	95.57	-147.3
4869.1443	95.32	-146.6
4950.7523	95.29	-143.4
5033.7281	95.82	-140.7
5118.0947	96.36	-141.5
5203.8752	96.59	-143
5291.0934	96.87	-143.7
5379.7734	97.23	-145.8
5469.9397	97.25	-149.1
5561.6173	97.08	-150.1
5654.8313	97.2	-150.3
5749.6077	97.31	-152.2
5845.9725	97.2	-153.3
5943.9525	97.32	-153.3
6043.5746	97.48	-155.3
6144.8664	97.29	-157.1
6247.8558	97.11	-156.9
6352.5714	97.06	-156.7
6459.0421	97.02	-155.7
6567.2972	97.26	-154.3
6677.3667	97.56	-154.2
6789.281	97.92	-153.6
6903.071	98.61	-154.1
7018.7682	99.17	-157.9
7136.4045	99.33	-162.7
7256.0123	99.23	-166.7
7377.6249	99.01	-169.7
7501.2757	98.71	-171.8
7626.9989	98.34	-172.4
7754.8293	98.11	-170.6
7884.8021	98.34	-168.2
8016.9533	98.94	-167.3
8151.3194	99.63	-169.5
8287.9375	99.99	-174.4
8426.8454	99.9	-179.3
8568.0814	99.63	177.8
8711.6845	99.44	176.1
8857.6945	99.32	174.5
9006.1516	99.11	173.2
9157.0969	98.91	173.5
9310.5721	99.02	174.8
9466.6196	99.49	174.8
9625.2825	100.01	172.1
9786.6046	100.32	167.2
9950.6305	100.27	161.4
10117.405	99.8	156.8
10286.976	99.13	155
10459.388	98.6	156.1
10634.69	98.51	158.3
10812.93	98.87	159.7
10994.157	99.42	158.7
11178.422	99.88	155
11365.775	100.02	149.9
11556.268	99.86	145
11749.954	99.57	141.5
11946.886	99.24	139.4
12147.119	99.02	138.3
12350.708	99.07	137.4
12557.708	99.26	134.4
12768.179	99.21	129.5
12982.177	98.76	125.2
13199.761	98.12	123
13420.992	97.6	122.9
13645.931	97.35	123.8
13874.641	97.36	123.9
14107.183	97.46	122.3
14343.623	97.4	119.6
14584.025	97.1	117.7
14828.457	96.88	117.4
15076.986	96.99	117
15329.68	97.27	114.8
15586.609	97.38	110.3
15847.844	97.14	105.1
16113.458	96.61	101.9
16383.524	96.17	101.3
16658.115	96.08	100.6
16937.31	96.04	97.7
17221.183	95.65	93.5
17509.814	94.9	91.3
17803.283	94.32	92.6
18101.67	94.26	93.6
18405.059	94.25	91.4
18713.532	93.79	89.5
19027.176	93.25	91.3
19346.076	93.33	93.7
19670.321	93.68	92.5
20000	93.8	90.8
