14.97596	55.51	-165.7
15.22696	57.34	-164.9
15.48217	59.29	-164
15.74166	60.89	-163.2
16.00549	61.81	-162.9
16.27375	61.97	-163.7
16.5465	61.51	-165.9
16.82382	60.65	-169.1
17.10579	59.71	-172.4
17.39249	58.98	-174.6
17.68399	58.7	-174.3
17.98038	58.79	-171.6
18.28174	59.1	-166.9
18.58814	59.52	-162
18.89969	59.97	-158.5
19.21645	60.44	-157.2
19.53852	60.93	-157.1
19.86599	61.44	-157.7
20.19895	61.93	-158.6
20.53749	62.35	-159.7
20.8817	62.7	-161
21.23169	63.02	-162.4
21.58753	63.34	-163.7
21.94935	63.69	-164.5
22.31722	64.1	-164.9
22.69126	64.53	-165.1
23.07158	64.94	-165.4
23.45826	65.26	-166
23.85143	65.48	-167.6
24.25118	65.67	-170.1
24.65764	65.87	-172.7
25.07091	66.16	-174.5
25.4911	66.55	-175.8
25.91834	66.95	-176.8
26.35274	67.28	-178.3
26.79441	67.5	-16.7
27.2435	67.66	177.5
27.7001	67.78	174.9
28.16436	67.89	173.2
28.63641	67.99	172.1
29.11636	68.11	171.5
29.60436	68.25	171.2
30.10053	68.44	171.2
30.60502	68.68	171
31.11797	68.98	170.5
31.63952	69.32	169.3
32.1698	69.65	168
32.70898	69.93	166.8
33.25719	70.18	165.7
33.81459	70.42	164.7
34.38133	70.67	163.8
34.95757	70.94	162.8
35.54346	71.25	161.6
36.13918	71.59	160.3
36.74488	71.9	158.9
37.36074	72.18	157.2
37.98691	72.44	155.5
38.62358	72.7	153.8
39.27092	72.95	152.2
39.92911	73.2	150.7
40.59833	73.45	149.2
41.27877	73.73	147.6
41.97061	74.01	145.9
42.67405	74.26	143.8
43.38928	74.47	141.5
44.11649	74.64	139.2
44.8559	74.78	137.1
45.60769	74.89	135.3
46.37209	74.99	133.7
47.1493	75.08	132.3
47.93953	75.2	131
48.74301	75.37	129.8
49.55995	75.6	128.5
50.39059	75.84	126.9
51.23515	76.05	124.8
52.09386	76.2	122.3
52.96697	76.23	119.7
53.85471	76.18	117.5
54.75733	76.06	116
55.67507	75.93	115.4
56.6082	75.88	115.5
57.55697	75.96	116
58.52164	76.17	116.2
59.50247	76.44	115.9
60.49975	76.67	114.9
61.51374	76.87	114
62.54472	77.07	113.1
63.59299	77.28	112.1
64.65882	77.5	111
65.74252	77.7	109.8
66.84438	77.88	108.5
67.96471	78.04	107.2
69.10382	78.19	106
70.26201	78.34	105
71.43962	78.52	104.1
72.63697	78.73	103.1
73.85438	78.95	101.9
75.0922	79.18	100.6
76.35076	79.39	99.1
77.63042	79.59	97.5
78.93152	79.77	95.8
80.25443	79.93	94
81.59952	80.09	92.3
82.96715	80.22	90.4
84.3577	80.32	88.5
85.77155	80.39	86.7
87.2091	80.45	85.2
88.67075	80.53	83.8
90.15689	80.61	82.3
91.66795	80.7	80.8
93.20432	80.77	79.2
94.76645	80.82	77.6
96.35476	80.87	76.1
97.96969	80.92	74.7
99.61168	80.95	73.1
101.2812	80.95	71.6
102.9787	80.91	70.2
104.70465	80.86	69.3
106.45952	80.83	68.7
108.24381	80.86	68.3
110.058	80.97	67.8
111.9026	81.11	66.9
113.77812	81.24	65.5
115.68507	81.28	63.6
117.62398	81.22	61.9
119.59538	81.08	61.2
121.59983	81.01	61.3
123.63787	81.08	61.5
125.71007	81.23	61.2
127.81701	81.39	60.4
129.95925	81.48	59.2
132.1374	81.52	58.1
134.35205	81.55	57.4
136.60383	81.59	56.8
138.89334	81.67	56.3
141.22123	81.77	55.7
143.58813	81.88	54.9
145.9947	81.99	54.1
148.44161	82.12	53.2
150.92953	82.25	52.2
153.45914	82.38	50.9
156.03116	82.49	49.3
158.64628	82.53	47.5
161.30523	82.52	45.7
164.00874	82.43	44.2
166.75757	82.31	43.2
169.55247	82.18	42.8
172.39421	82.1	42.8
175.28358	82.09	43.1
178.22137	82.17	43.5
181.2084	82.33	43.5
184.2455	82.51	43.1
187.3335	82.7	42.3
190.47326	82.87	41.2
193.66564	83	39.8
196.91152	83.09	38.3
200.2118	83.13	36.8
203.5674	83.14	35.6
206.97924	83.15	34.4
210.44827	83.17	33.5
213.97543	83.21	32.5
217.56171	83.26	31.4
221.2081	83.32	30.2
224.9156	83.37	28.7
228.68524	83.35	27.1
232.51806	83.28	25.6
236.41512	83.17	24.4
240.3775	83.07	23.7
244.40628	83.02	23.3
248.50259	83.02	22.8
252.66756	83.05	22
256.90233	83.07	20.8
261.20807	83.04	19.4
265.58598	82.95	18.1
270.03727	82.82	17.1
274.56316	82.68	16.5
279.16491	82.55	16.2
283.84378	82.45	16
288.60107	82.38	16
293.43809	82.35	16
298.35619	82.36	15.9
303.35671	82.39	15.7
308.44104	82.43	15.2
313.61059	82.45	14.5
318.86678	82.46	13.7
324.21107	82.43	12.9
329.64492	82.38	12.2
335.16985	82.33	11.6
340.78738	82.3	11.1
346.49906	82.28	10.4
352.30647	82.24	9.6
358.21121	82.16	8.7
364.21492	82.05	8
370.31925	81.92	7.6
376.5259	81.79	7.4
382.83656	81.67	7.4
389.253	81.56	7.6
395.77697	81.46	8.1
402.41029	81.42	8.8
409.15479	81.45	9.4
416.01232	81.55	9.8
422.98479	81.69	9.8
430.07412	81.84	9.3
437.28226	81.98	8.4
444.61122	82.09	7.2
452.06302	82.18	5.6
459.6397	82.22	3.5
467.34338	82.17	1
475.17617	81.98	-1.5
483.14023	81.67	-3.6
491.23778	81.25	-4.9
499.47105	80.78	-5.3
507.84231	80.32	-4.7
516.35387	79.93	-3.1
525.00808	79.7	-0.9
533.80735	79.63	1.3
542.75409	79.68	3.2
551.85078	79.85	4.7
561.09994	80.11	5.4
570.50411	80.36	4.7
580.0659	80.5	3.1
589.78794	80.49	1.1
599.67293	80.31	-0.7
609.7236	80	-1.7
619.94272	79.66	-1.6
630.33311	79.4	-0.8
640.89765	79.21	0.2
651.63925	79.03	1.3
662.56088	78.89	3
673.66556	78.88	5.1
684.95636	79	6.8
696.4364	79.18	8
708.10884	79.42	8.9
719.97692	79.73	9
732.04391	80.05	7.9
744.31315	80.21	5.7
756.78802	80.14	3.2
769.47197	79.9	1.6
782.36851	79.56	1.1
795.4812	79.19	1.7
808.81366	78.89	3.9
822.36957	78.77	6.9
836.15269	78.89	10.3
850.16681	79.28	13.3
864.41582	79.83	14.9
878.90364	80.43	15.4
893.63428	81.08	14.6
908.61181	81.72	11.9
923.84036	82.14	6.9
939.32415	82.11	1.1
955.06746	81.68	-3.1
971.07462	81.15	-4.7
987.35007	80.77	-4.7
1003.8983	80.6	-4.4
1020.7239	80.56	-5
1037.8315	80.44	-6.5
1055.2258	80.13	-8.2
1072.9116	79.65	-8.7
1090.8939	79.12	-7.6
1109.1775	78.76	-4.9
1127.7676	78.67	-2.1
1146.6693	78.68	-0.3
1165.8877	78.68	1.3
1185.4283	78.71	3.1
1205.2964	78.82	4.9
1225.4974	78.97	6.5
1246.0371	79.17	7.9
1266.9209	79.43	9.1
1288.1549	79.76	10.1
1309.7446	80.2	10.3
1331.6963	80.59	9.1
1354.0158	80.82	7.1
1376.7095	80.87	5.3
1399.7835	80.88	4.6
1423.2442	81	4.2
1447.0981	81.2	3.3
1471.3518	81.38	1.6
1496.012	81.44	-0.7
1521.0856	81.38	-2.8
1546.5793	81.27	-4.4
1572.5004	81.15	-5.8
1598.8559	81.02	-7.1
1625.6531	80.85	-8.5
1652.8994	80.56	-9.6
1680.6024	80.2	-9.6
1708.7697	79.88	-8.5
1737.4091	79.73	-6.3
1766.5285	79.85	-4
1796.136	80.17	-3.1
1826.2397	80.46	-3.8
1856.8479	80.63	-5.2
1887.9691	80.71	-7
1919.612	80.65	-9
1951.7851	80.41	-10.3
1984.4975	80.16	-10.1
2017.7582	80.1	-9.2
2051.5763	80.18	-8.7
2085.9612	80.3	-8.9
2120.9224	80.44	-9.9
2156.4696	80.45	-11.7
2192.6126	80.27	-13.1
2229.3613	80.04	-13.3
2266.7259	79.95	-12.6
2304.7168	79.98	-12.4
2343.3444	80.03	-12.4
2382.6195	80.14	-12.8
2422.5528	80.21	-13.8
2463.1553	80.22	-14.7
2504.4384	80.23	-15.5
2546.4134	80.3	-16.4
2589.0919	80.39	-17.9
2632.4858	80.4	-20.2
2676.6069	80.29	-22.6
2721.4674	80.08	-24.8
2767.0799	79.76	-26.5
2813.4568	79.43	-27.5
2860.6111	79.13	-28.1
2908.5556	78.83	-28.6
2957.3037	78.5	-28.7
3006.8689	78.18	-28.2
3057.2647	77.93	-27.3
3108.5052	77.79	-26.3
3160.6045	77.73	-25.7
3213.577	77.64	-25.7
3267.4374	77.5	-25.6
3322.2004	77.37	-25.3
3377.8813	77.25	-24.9
3434.4954	77.18	-24.6
3492.0584	77.11	-24.5
3550.5862	77.02	-24.6
3610.0949	76.91	-24.7
3670.6009	76.78	-24.8
3732.1211	76.63	-24.8
3794.6724	76.45	-24.8
3858.272	76.21	-24.5
3922.9376	75.93	-23.4
3988.687	75.74	-21.2
4055.5384	75.81	-18.7
4123.5102	76.03	-17.6
4192.6212	76.16	-17.6
4262.8906	76.17	-17.5
4334.3377	76.24	-16.6
4406.9822	76.46	-16.1
4480.8443	76.72	-16.6
4555.9444	76.89	-18
4632.3031	76.97	-19.9
4709.9417	76.94	-21.8
4788.8814	76.8	-23.5
4869.1443	76.61	-24.4
4950.7523	76.47	-24.9
5033.7281	76.4	-25.4
5118.0947	76.31	-26.3
5203.8752	76.14	-27.1
5291.0934	75.95	-27.2
5379.7734	75.8	-27.1
5469.9397	75.64	-26.4
5561.6173	75.64	-24.4
5654.8313	76.06	-22.4
5749.6077	76.75	-22.6
5845.9725	77.53	-24.9
5943.9525	78.4	-30.1
6043.5746	79.09	-39.8
6144.8664	79.17	-53.1
6247.8558	78.5	-67.2
6352.5714	77.15	-79.8
6459.0421	75.22	-89.5
6567.2972	72.69	-94.4
6677.3667	69.57	-90.4
6789.281	66.53	-71.9
6903.071	65.85	-48.5
7018.7682	67.65	-40.2
7136.4045	69.36	-50.5
7256.0123	69.78	-78.3
7377.6249	68.83	-121.6
7501.2757	67.5	141.3
7626.9989	67.85	121.2
7754.8293	69.06	78.9
7884.8021	70.05	54.5
8016.9533	70.82	40.7
8151.3194	71.49	31.4
8287.9375	71.97	22.6
8426.8454	71.79	13.5
8568.0814	70.73	10.4
8711.6845	69.92	16.3
8857.6945	70.44	25.6
9006.1516	71.75	30.1
9157.0969	72.93	30.5
9310.5721	74.01	29.4
9466.6196	75.12	26.8
9625.2825	76.08	20.8
9786.6046	76.46	13.7
9950.6305	76.65	8.8
10117.405	76.97	5.5
10286.976	77.52	1.9
10459.388	78.12	-3.2
10634.69	78.68	-9.9
10812.93	79.19	-18.3
10994.157	79.42	-29.7
11178.422	78.99	-41.9
11365.775	77.96	-51.4
11556.268	76.69	-56.9
11749.954	75.46	-58.4
11946.886	74.74	-58
12147.119	74.52	-59.2
12350.708	74.34	-62.6
12557.708	74.17	-66.3
12768.179	74.12	-71
12982.177	74.11	-77.4
13199.761	74.01	-87
13420.992	73.41	-100.2
13645.931	71.93	-113.7
13874.641	69.52	-121.5
14107.183	66.75	-121.2
14343.623	64.21	-116.2
14584.025	62.1	-109.2
14828.457	60.47	-99.5
15076.986	59.48	-88.5
15329.68	59.05	-77.8
15586.609	59.29	-69.2
15847.844	59.9	-65.9
16113.458	60.37	-65.3
16383.524	60.92	-65.3
16658.115	61.65	-70.4
16937.31	61.72	-79.4
17221.183	61.17	-87.7
17509.814	60.09	-93.8
17803.283	58.85	-97.5
18101.67	57.61	-99
18405.059	56.24	-99.3
18713.532	54.88	-99.9
19027.176	54.14	-101
19346.076	53.61	-104
19670.321	53.02	-107.8
20000	52.69	-110.4
